<?xml version="1.0" encoding="UTF-8"?>
<testsuite name="Chapter5Tests" tests="1" skipped="0" failures="0" errors="0" timestamp="2021-10-11T09:34:50" hostname="ideogsuui-MacBookPro.local" time="0.124">
  <properties/>
  <testcase name="JPA_양방향_테스트()" classname="Chapter5Tests" time="0.124"/>
  <system-out><![CDATA[Hibernate: 
    
    drop table if exists member CASCADE 
Hibernate: 
    
    drop table if exists team CASCADE 
Hibernate: 
    
    create table member (
       member_id varchar(255) not null,
        user_name varchar(255),
        team_id varchar(255),
        primary key (member_id)
    )
Hibernate: 
    
    create table team (
       team_id varchar(255) not null,
        team_name varchar(255),
        primary key (team_id)
    )
Hibernate: 
    
    alter table member 
       add constraint FKcjte2jn9pvo9ud2hyfgwcja0k 
       foreign key (team_id) 
       references team
Hibernate: 
    /* insert entites.Team
        */ insert 
        into
            team
            (team_name, team_id) 
        values
            (?, ?)
Hibernate: 
    /* insert entites.Member
        */ insert 
        into
            member
            (user_name, team_id, member_id) 
        values
            (?, ?, ?)
Hibernate: 
    /* insert entites.Member
        */ insert 
        into
            member
            (user_name, team_id, member_id) 
        values
            (?, ?, ?)
]]></system-out>
  <system-err><![CDATA[10월 11, 2021 6:34:48 오후 org.hibernate.jpa.internal.util.LogHelper logPersistenceUnitInformation
INFO: HHH000204: Processing PersistenceUnitInfo [name: jpabook]
10월 11, 2021 6:34:49 오후 org.hibernate.Version logVersion
INFO: HHH000412: Hibernate ORM core version 5.5.7.Final
10월 11, 2021 6:34:49 오후 org.hibernate.annotations.common.reflection.java.JavaReflectionManager <clinit>
INFO: HCANN000001: Hibernate Commons Annotations {5.1.2.Final}
10월 11, 2021 6:34:49 오후 org.hibernate.engine.jdbc.connections.internal.DriverManagerConnectionProviderImpl configure
WARN: HHH10001002: Using Hibernate built-in connection pool (not for production use!)
10월 11, 2021 6:34:49 오후 org.hibernate.engine.jdbc.connections.internal.DriverManagerConnectionProviderImpl buildCreator
INFO: HHH10001005: using driver [org.h2.Driver] at URL [jdbc:h2:tcp://localhost/~/test]
10월 11, 2021 6:34:49 오후 org.hibernate.engine.jdbc.connections.internal.DriverManagerConnectionProviderImpl buildCreator
INFO: HHH10001001: Connection properties: {password=****, user=sa}
10월 11, 2021 6:34:49 오후 org.hibernate.engine.jdbc.connections.internal.DriverManagerConnectionProviderImpl buildCreator
INFO: HHH10001003: Autocommit mode: false
10월 11, 2021 6:34:49 오후 org.hibernate.engine.jdbc.connections.internal.DriverManagerConnectionProviderImpl$PooledConnections <init>
INFO: HHH000115: Hibernate connection pool size: 20 (min=1)
10월 11, 2021 6:34:49 오후 org.hibernate.dialect.Dialect <init>
INFO: HHH000400: Using dialect: org.hibernate.dialect.H2Dialect
10월 11, 2021 6:34:50 오후 org.hibernate.resource.transaction.backend.jdbc.internal.DdlTransactionIsolatorNonJtaImpl getIsolatedConnection
INFO: HHH10001501: Connection obtained from JdbcConnectionAccess [org.hibernate.engine.jdbc.env.internal.JdbcEnvironmentInitiator$ConnectionProviderJdbcConnectionAccess@138a09f0] for (non-JTA) DDL execution was not in auto-commit mode; the Connection 'local transaction' will be committed and the Connection will be set into auto-commit mode.
10월 11, 2021 6:34:50 오후 org.hibernate.resource.transaction.backend.jdbc.internal.DdlTransactionIsolatorNonJtaImpl getIsolatedConnection
INFO: HHH10001501: Connection obtained from JdbcConnectionAccess [org.hibernate.engine.jdbc.env.internal.JdbcEnvironmentInitiator$ConnectionProviderJdbcConnectionAccess@b2f3563] for (non-JTA) DDL execution was not in auto-commit mode; the Connection 'local transaction' will be committed and the Connection will be set into auto-commit mode.
10월 11, 2021 6:34:50 오후 org.hibernate.engine.transaction.jta.platform.internal.JtaPlatformInitiator initiateService
INFO: HHH000490: Using JtaPlatform implementation: [org.hibernate.engine.transaction.jta.platform.internal.NoJtaPlatform]
10월 11, 2021 6:34:50 오후 org.hibernate.engine.jdbc.connections.internal.DriverManagerConnectionProviderImpl$PoolState stop
INFO: HHH10001008: Cleaning up connection pool [jdbc:h2:tcp://localhost/~/test]
]]></system-err>
</testsuite>
